# JRE version: OpenJDK Runtime Environment (16.0.2+7) (build 16.0.2+7-67)
# Java VM: OpenJDK 64-Bit Server VM (16.0.2+7-67, mixed mode, tiered, compressed oops, compressed class ptrs, g1 gc, windows-amd64)
GC Precious Log:
 CPUs: 4 total, 4 available
 Memory: 6010M
 Large Page Support: Disabled
 NUMA Support: Disabled
 Compressed Oops: Enabled (32-bit)
 Heap Region Size: 1M
 Heap Min Capacity: 8M
 Heap Initial Capacity: 94M
 Heap Max Capacity: 1504M
 Pre-touch: Disabled
 Parallel Workers: 4
 Concurrent Workers: 1
 Concurrent Refinement Workers: 4
 Periodic GC: Disabled
Heap:
 garbage-first heap   total 138240K, used 29169K [0x00000000a2000000, 0x0000000100000000)
  region size 1024K, 5 young (5120K), 5 survivors (5120K)
 Metaspace       used 65322K, committed 65856K, reserved 1114112K
  class space    used 8650K, committed 8896K, reserved 1048576K
GC Heap History (20 events):
Event: 192.138 GC heap after
{Heap after GC invocations=21 (full 1):
 garbage-first heap   total 75776K, used 29257K [0x00000000a2000000, 0x0000000100000000)
  region size 1024K, 4 young (4096K), 4 survivors (4096K)
 Metaspace       used 64618K, committed 65088K, reserved 1105920K
  class space    used 8579K, committed 8768K, reserved 1048576K
}
Event: 192.150 GC heap before
{Heap before GC invocations=21 (full 1):
 garbage-first heap   total 75776K, used 58953K [0x00000000a2000000, 0x0000000100000000)
  region size 1024K, 34 young (34816K), 4 survivors (4096K)
 Metaspace       used 64618K, committed 65088K, reserved 1105920K
  class space    used 8579K, committed 8768K, reserved 1048576K
}
Event: 192.155 GC heap after
{Heap after GC invocations=22 (full 1):
 garbage-first heap   total 75776K, used 29318K [0x00000000a2000000, 0x0000000100000000)
  region size 1024K, 3 young (3072K), 3 survivors (3072K)
 Metaspace       used 64618K, committed 65088K, reserved 1105920K
  class space    used 8579K, committed 8768K, reserved 1048576K
}
Event: 194.247 GC heap before
{Heap before GC invocations=22 (full 1):
 garbage-first heap   total 75776K, used 60038K [0x00000000a2000000, 0x0000000100000000)
  region size 1024K, 33 young (33792K), 3 survivors (3072K)
 Metaspace       used 64817K, committed 65344K, reserved 1105920K
  class space    used 8597K, committed 8832K, reserved 1048576K
}
Event: 194.254 GC heap after
{Heap after GC invocations=23 (full 1):
 garbage-first heap   total 75776K, used 31138K [0x00000000a2000000, 0x0000000100000000)
  region size 1024K, 5 young (5120K), 5 survivors (5120K)
 Metaspace       used 64817K, committed 65344K, reserved 1105920K
  class space    used 8597K, committed 8832K, reserved 1048576K
}
Event: 370.229 GC heap before
{Heap before GC invocations=23 (full 1):
 garbage-first heap   total 75776K, used 48546K [0x00000000a2000000, 0x0000000100000000)
  region size 1024K, 23 young (23552K), 5 survivors (5120K)
 Metaspace       used 64826K, committed 65344K, reserved 1105920K
  class space    used 8599K, committed 8832K, reserved 1048576K
}
Event: 370.314 GC heap after
{Heap after GC invocations=24 (full 2):
 garbage-first heap   total 75776K, used 24744K [0x00000000a2000000, 0x0000000100000000)
  region size 1024K, 0 young (0K), 0 survivors (0K)
 Metaspace       used 64826K, committed 65344K, reserved 1105920K
  class space    used 8599K, committed 8832K, reserved 1048576K
}
Event: 372.573 GC heap before
{Heap before GC invocations=24 (full 2):
 garbage-first heap   total 75776K, used 58536K [0x00000000a2000000, 0x0000000100000000)
  region size 1024K, 34 young (34816K), 0 survivors (0K)
 Metaspace       used 64887K, committed 65408K, reserved 1105920K
  class space    used 8611K, committed 8832K, reserved 1048576K
}
Event: 372.577 GC heap after
{Heap after GC invocations=25 (full 2):
 garbage-first heap   total 75776K, used 27369K [0x00000000a2000000, 0x0000000100000000)
  region size 1024K, 3 young (3072K), 3 survivors (3072K)
 Metaspace       used 64887K, committed 65408K, reserved 1105920K
  class space    used 8611K, committed 8832K, reserved 1048576K
}
Event: 372.603 GC heap before
{Heap before GC invocations=25 (full 2):
 garbage-first heap   total 75776K, used 58089K [0x00000000a2000000, 0x0000000100000000)
  region size 1024K, 34 young (34816K), 3 survivors (3072K)
 Metaspace       used 64887K, committed 65408K, reserved 1105920K
  class space    used 8611K, committed 8832K, reserved 1048576K
}
Event: 372.607 GC heap after
{Heap after GC invocations=26 (full 2):
 garbage-first heap   total 75776K, used 27199K [0x00000000a2000000, 0x0000000100000000)
  region size 1024K, 3 young (3072K), 3 survivors (3072K)
 Metaspace       used 64887K, committed 65408K, reserved 1105920K
  class space    used 8611K, committed 8832K, reserved 1048576K
}
Event: 375.124 GC heap before
{Heap before GC invocations=26 (full 2):
 garbage-first heap   total 75776K, used 59967K [0x00000000a2000000, 0x0000000100000000)
  region size 1024K, 35 young (35840K), 3 survivors (3072K)
 Metaspace       used 65075K, committed 65600K, reserved 1105920K
  class space    used 8626K, committed 8832K, reserved 1048576K
}
Event: 375.131 GC heap after
{Heap after GC invocations=27 (full 2):
 garbage-first heap   total 75776K, used 29687K [0x00000000a2000000, 0x0000000100000000)
  region size 1024K, 5 young (5120K), 5 survivors (5120K)
 Metaspace       used 65075K, committed 65600K, reserved 1105920K
  class space    used 8626K, committed 8832K, reserved 1048576K
}
Event: 406.246 GC heap before
{Heap before GC invocations=27 (full 2):
 garbage-first heap   total 75776K, used 34807K [0x00000000a2000000, 0x0000000100000000)
  region size 1024K, 11 young (11264K), 5 survivors (5120K)
 Metaspace       used 65078K, committed 65600K, reserved 1105920K
  class space    used 8626K, committed 8832K, reserved 1048576K
}
Event: 406.323 GC heap after
{Heap after GC invocations=28 (full 3):
 garbage-first heap   total 75776K, used 24952K [0x00000000a2000000, 0x0000000100000000)
  region size 1024K, 0 young (0K), 0 survivors (0K)
 Metaspace       used 65075K, committed 65600K, reserved 1105920K
  class space    used 8626K, committed 8832K, reserved 1048576K
}
Event: 408.590 GC heap before
{Heap before GC invocations=28 (full 3):
 garbage-first heap   total 75776K, used 59768K [0x00000000a2000000, 0x0000000100000000)
  region size 1024K, 35 young (35840K), 0 survivors (0K)
 Metaspace       used 65136K, committed 65664K, reserved 1105920K
  class space    used 8636K, committed 8832K, reserved 1048576K
}
Event: 408.594 GC heap after
{Heap after GC invocations=29 (full 3):
 garbage-first heap   total 75776K, used 27616K [0x00000000a2000000, 0x0000000100000000)
  region size 1024K, 3 young (3072K), 3 survivors (3072K)
 Metaspace       used 65136K, committed 65664K, reserved 1105920K
  class space    used 8636K, committed 8832K, reserved 1048576K
}
Event: 408.674 GC heap before
{Heap before GC invocations=29 (full 3):
 garbage-first heap   total 75776K, used 59360K [0x00000000a2000000, 0x0000000100000000)
  region size 1024K, 35 young (35840K), 3 survivors (3072K)
 Metaspace       used 65136K, committed 65664K, reserved 1105920K
  class space    used 8636K, committed 8832K, reserved 1048576K
}
Event: 408.678 GC heap after
{Heap after GC invocations=30 (full 3):
 garbage-first heap   total 75776K, used 27415K [0x00000000a2000000, 0x0000000100000000)
  region size 1024K, 3 young (3072K), 3 survivors (3072K)
 Metaspace       used 65136K, committed 65664K, reserved 1105920K
  class space    used 8636K, committed 8832K, reserved 1048576K
}
Event: 411.780 GC heap before
{Heap before GC invocations=30 (full 3):
 garbage-first heap   total 75776K, used 61207K [0x00000000a2000000, 0x0000000100000000)
  region size 1024K, 36 young (36864K), 3 survivors (3072K)
 Metaspace       used 65322K, committed 65856K, reserved 1114112K
  class space    used 8650K, committed 8896K, reserved 1048576K
}

