# JRE version: OpenJDK Runtime Environment (16.0.2+7) (build 16.0.2+7-67)
# Java VM: OpenJDK 64-Bit Server VM (16.0.2+7-67, mixed mode, tiered, compressed oops, compressed class ptrs, g1 gc, windows-amd64)
GC Precious Log:
 CPUs: 4 total, 4 available
 Memory: 6010M
 Large Page Support: Disabled
 NUMA Support: Disabled
 Compressed Oops: Enabled (32-bit)
 Heap Region Size: 1M
 Heap Min Capacity: 8M
 Heap Initial Capacity: 94M
 Heap Max Capacity: 1504M
 Pre-touch: Disabled
 Parallel Workers: 4
 Concurrent Workers: 1
 Concurrent Refinement Workers: 4
 Periodic GC: Disabled
Heap:
 garbage-first heap   total 96256K, used 16373K [0x00000000a2000000, 0x0000000100000000)
  region size 1024K, 1 young (1024K), 1 survivors (1024K)
 Metaspace       used 34968K, committed 35328K, reserved 1081344K
  class space    used 4336K, committed 4480K, reserved 1048576K
GC Heap History (20 events):
Event: 3.602 GC heap after
{Heap after GC invocations=1 (full 0):
 garbage-first heap   total 96256K, used 6530K [0x00000000a2000000, 0x0000000100000000)
  region size 1024K, 2 young (2048K), 2 survivors (2048K)
 Metaspace       used 13129K, committed 13312K, reserved 1064960K
  class space    used 1349K, committed 1472K, reserved 1048576K
}
Event: 4.430 GC heap before
{Heap before GC invocations=1 (full 0):
 garbage-first heap   total 96256K, used 13698K [0x00000000a2000000, 0x0000000100000000)
  region size 1024K, 9 young (9216K), 2 survivors (2048K)
 Metaspace       used 15007K, committed 15296K, reserved 1064960K
  class space    used 1570K, committed 1728K, reserved 1048576K
}
Event: 4.437 GC heap after
{Heap after GC invocations=2 (full 0):
 garbage-first heap   total 96256K, used 7664K [0x00000000a2000000, 0x0000000100000000)
  region size 1024K, 1 young (1024K), 1 survivors (1024K)
 Metaspace       used 15007K, committed 15296K, reserved 1064960K
  class space    used 1570K, committed 1728K, reserved 1048576K
}
Event: 4.832 GC heap before
{Heap before GC invocations=2 (full 0):
 garbage-first heap   total 96256K, used 30192K [0x00000000a2000000, 0x0000000100000000)
  region size 1024K, 24 young (24576K), 1 survivors (1024K)
 Metaspace       used 15816K, committed 16064K, reserved 1064960K
  class space    used 1676K, committed 1792K, reserved 1048576K
}
Event: 4.836 GC heap after
{Heap after GC invocations=3 (full 0):
 garbage-first heap   total 96256K, used 8127K [0x00000000a2000000, 0x0000000100000000)
  region size 1024K, 2 young (2048K), 2 survivors (2048K)
 Metaspace       used 15816K, committed 16064K, reserved 1064960K
  class space    used 1676K, committed 1792K, reserved 1048576K
}
Event: 6.960 GC heap before
{Heap before GC invocations=3 (full 0):
 garbage-first heap   total 96256K, used 50111K [0x00000000a2000000, 0x0000000100000000)
  region size 1024K, 45 young (46080K), 2 survivors (2048K)
 Metaspace       used 20948K, committed 21248K, reserved 1073152K
  class space    used 2409K, committed 2560K, reserved 1048576K
}
Event: 6.968 GC heap after
{Heap after GC invocations=4 (full 0):
 garbage-first heap   total 96256K, used 9824K [0x00000000a2000000, 0x0000000100000000)
  region size 1024K, 4 young (4096K), 4 survivors (4096K)
 Metaspace       used 20948K, committed 21248K, reserved 1073152K
  class space    used 2409K, committed 2560K, reserved 1048576K
}
Event: 7.612 GC heap before
{Heap before GC invocations=5 (full 0):
 garbage-first heap   total 45056K, used 42592K [0x00000000a2000000, 0x0000000100000000)
  region size 1024K, 37 young (37888K), 4 survivors (4096K)
 Metaspace       used 26339K, committed 26560K, reserved 1073152K
  class space    used 3100K, committed 3200K, reserved 1048576K
}
Event: 7.621 GC heap after
{Heap after GC invocations=6 (full 0):
 garbage-first heap   total 50176K, used 11169K [0x00000000a2000000, 0x0000000100000000)
  region size 1024K, 5 young (5120K), 5 survivors (5120K)
 Metaspace       used 26339K, committed 26560K, reserved 1073152K
  class space    used 3100K, committed 3200K, reserved 1048576K
}
Event: 7.626 GC heap before
{Heap before GC invocations=6 (full 0):
 garbage-first heap   total 50176K, used 34721K [0x00000000a2000000, 0x0000000100000000)
  region size 1024K, 29 young (29696K), 5 survivors (5120K)
 Metaspace       used 26339K, committed 26560K, reserved 1073152K
  class space    used 3100K, committed 3200K, reserved 1048576K
}
Event: 7.633 GC heap after
{Heap after GC invocations=7 (full 0):
 garbage-first heap   total 50176K, used 11189K [0x00000000a2000000, 0x0000000100000000)
  region size 1024K, 2 young (2048K), 2 survivors (2048K)
 Metaspace       used 26339K, committed 26560K, reserved 1073152K
  class space    used 3100K, committed 3200K, reserved 1048576K
}
Event: 9.391 GC heap before
{Heap before GC invocations=7 (full 0):
 garbage-first heap   total 50176K, used 35765K [0x00000000a2000000, 0x0000000100000000)
  region size 1024K, 27 young (27648K), 2 survivors (2048K)
 Metaspace       used 27721K, committed 28096K, reserved 1081344K
  class space    used 3288K, committed 3456K, reserved 1048576K
}
Event: 9.395 GC heap after
{Heap after GC invocations=8 (full 0):
 garbage-first heap   total 50176K, used 11914K [0x00000000a2000000, 0x0000000100000000)
  region size 1024K, 3 young (3072K), 3 survivors (3072K)
 Metaspace       used 27721K, committed 28096K, reserved 1081344K
  class space    used 3288K, committed 3456K, reserved 1048576K
}
Event: 12.657 GC heap before
{Heap before GC invocations=8 (full 0):
 garbage-first heap   total 50176K, used 37514K [0x00000000a2000000, 0x0000000100000000)
  region size 1024K, 28 young (28672K), 3 survivors (3072K)
 Metaspace       used 31380K, committed 31744K, reserved 1081344K
  class space    used 3839K, committed 4032K, reserved 1048576K
}
Event: 12.664 GC heap after
{Heap after GC invocations=9 (full 0):
 garbage-first heap   total 50176K, used 13798K [0x00000000a2000000, 0x0000000100000000)
  region size 1024K, 4 young (4096K), 4 survivors (4096K)
 Metaspace       used 31380K, committed 31744K, reserved 1081344K
  class space    used 3839K, committed 4032K, reserved 1048576K
}
Event: 14.728 GC heap before
{Heap before GC invocations=9 (full 0):
 garbage-first heap   total 50176K, used 36326K [0x00000000a2000000, 0x0000000100000000)
  region size 1024K, 27 young (27648K), 4 survivors (4096K)
 Metaspace       used 34502K, committed 34944K, reserved 1081344K
  class space    used 4294K, committed 4480K, reserved 1048576K
}
Event: 14.737 GC heap after
{Heap after GC invocations=10 (full 0):
 garbage-first heap   total 50176K, used 15905K [0x00000000a2000000, 0x0000000100000000)
  region size 1024K, 4 young (4096K), 4 survivors (4096K)
 Metaspace       used 34502K, committed 34944K, reserved 1081344K
  class space    used 4294K, committed 4480K, reserved 1048576K
}
Event: 14.740 GC heap before
{Heap before GC invocations=10 (full 0):
 garbage-first heap   total 50176K, used 36385K [0x00000000a2000000, 0x0000000100000000)
  region size 1024K, 25 young (25600K), 4 survivors (4096K)
 Metaspace       used 34502K, committed 34944K, reserved 1081344K
  class space    used 4294K, committed 4480K, reserved 1048576K
}
Event: 14.746 GC heap after
{Heap after GC invocations=11 (full 0):
 garbage-first heap   total 50176K, used 15910K [0x00000000a2000000, 0x0000000100000000)
  region size 1024K, 3 young (3072K), 3 survivors (3072K)
 Metaspace       used 34502K, committed 34944K, reserved 1081344K
  class space    used 4294K, committed 4480K, reserved 1048576K
}
Event: 15.060 GC heap before
{Heap before GC invocations=11 (full 0):
 garbage-first heap   total 50176K, used 37414K [0x00000000a2000000, 0x0000000100000000)
  region size 1024K, 25 young (25600K), 3 survivors (3072K)
 Metaspace       used 34968K, committed 35328K, reserved 1081344K
  class space    used 4336K, committed 4480K, reserved 1048576K
}

